[0.607s] DEBUG:colcon:Command line arguments: ['/usr/bin/colcon', 'build', '--packages-select', 'perception_pkg']
[0.608s] DEBUG:colcon:Parsed command line arguments: Namespace(log_base=None, log_level=None, verb_name='build', build_base='build', install_base='install', merge_install=False, symlink_install=False, test_result_base=None, continue_on_error=False, executor='parallel', parallel_workers=8, event_handlers=None, ignore_user_meta=False, metas=['./colcon.meta'], base_paths=['.'], packages_ignore=None, packages_ignore_regex=None, paths=None, packages_up_to=None, packages_up_to_regex=None, packages_above=None, packages_above_and_dependencies=None, packages_above_depth=None, packages_select_by_dep=None, packages_skip_by_dep=None, packages_skip_up_to=None, packages_select_build_failed=False, packages_skip_build_finished=False, packages_select_test_failures=False, packages_skip_test_passed=False, packages_select=['perception_pkg'], packages_skip=None, packages_select_regex=None, packages_skip_regex=None, packages_start=None, packages_end=None, allow_overriding=[], cmake_args=None, cmake_target=None, cmake_target_skip_unavailable=False, cmake_clean_cache=False, cmake_clean_first=False, cmake_force_configure=False, ament_cmake_args=None, catkin_cmake_args=None, catkin_skip_building_tests=False, mixin_files=None, mixin=None, verb_parser=<colcon_mixin.mixin.mixin_argument.MixinArgumentDecorator object at 0x7748250579a0>, verb_extension=<colcon_core.verb.build.BuildVerb object at 0x774825057460>, main=<bound method BuildVerb.main of <colcon_core.verb.build.BuildVerb object at 0x774825057460>>, mixin_verb=('build',))
[1.592s] Level 1:colcon.colcon_core.package_discovery:discover_packages(colcon_meta) check parameters
[1.592s] Level 1:colcon.colcon_core.package_discovery:discover_packages(recursive) check parameters
[1.592s] Level 1:colcon.colcon_core.package_discovery:discover_packages(ignore) check parameters
[1.592s] Level 1:colcon.colcon_core.package_discovery:discover_packages(path) check parameters
[1.592s] Level 1:colcon.colcon_core.package_discovery:discover_packages(colcon_meta) discover
[1.593s] Level 1:colcon.colcon_core.package_discovery:discover_packages(recursive) discover
[1.593s] INFO:colcon.colcon_core.package_discovery:Crawling recursively for packages in '/home/user/my_rov_ws'
[1.593s] Level 1:colcon.colcon_core.package_identification:_identify(.) by extensions ['ignore', 'ignore_ament_install']
[1.593s] Level 1:colcon.colcon_core.package_identification:_identify(.) by extension 'ignore'
[1.594s] Level 1:colcon.colcon_core.package_identification:_identify(.) by extension 'ignore_ament_install'
[1.594s] Level 1:colcon.colcon_core.package_identification:_identify(.) by extensions ['colcon_pkg']
[1.594s] Level 1:colcon.colcon_core.package_identification:_identify(.) by extension 'colcon_pkg'
[1.594s] Level 1:colcon.colcon_core.package_identification:_identify(.) by extensions ['colcon_meta']
[1.594s] Level 1:colcon.colcon_core.package_identification:_identify(.) by extension 'colcon_meta'
[1.595s] Level 1:colcon.colcon_core.package_identification:_identify(.) by extensions ['ros']
[1.595s] Level 1:colcon.colcon_core.package_identification:_identify(.) by extension 'ros'
[1.670s] Level 1:colcon.colcon_core.package_identification:_identify(.) by extensions ['cmake', 'python']
[1.671s] Level 1:colcon.colcon_core.package_identification:_identify(.) by extension 'cmake'
[1.671s] Level 1:colcon.colcon_core.package_identification:_identify(.) by extension 'python'
[1.671s] Level 1:colcon.colcon_core.package_identification:_identify(.) by extensions ['python_setup_py']
[1.671s] Level 1:colcon.colcon_core.package_identification:_identify(.) by extension 'python_setup_py'
[1.672s] Level 1:colcon.colcon_core.package_identification:_identify(build) by extensions ['ignore', 'ignore_ament_install']
[1.672s] Level 1:colcon.colcon_core.package_identification:_identify(build) by extension 'ignore'
[1.672s] Level 1:colcon.colcon_core.package_identification:_identify(build) ignored
[1.673s] Level 1:colcon.colcon_core.package_identification:_identify(install) by extensions ['ignore', 'ignore_ament_install']
[1.673s] Level 1:colcon.colcon_core.package_identification:_identify(install) by extension 'ignore'
[1.673s] Level 1:colcon.colcon_core.package_identification:_identify(install) ignored
[1.674s] Level 1:colcon.colcon_core.package_identification:_identify(log) by extensions ['ignore', 'ignore_ament_install']
[1.674s] Level 1:colcon.colcon_core.package_identification:_identify(log) by extension 'ignore'
[1.674s] Level 1:colcon.colcon_core.package_identification:_identify(log) ignored
[1.675s] Level 1:colcon.colcon_core.package_identification:_identify(src) by extensions ['ignore', 'ignore_ament_install']
[1.675s] Level 1:colcon.colcon_core.package_identification:_identify(src) by extension 'ignore'
[1.675s] Level 1:colcon.colcon_core.package_identification:_identify(src) by extension 'ignore_ament_install'
[1.675s] Level 1:colcon.colcon_core.package_identification:_identify(src) by extensions ['colcon_pkg']
[1.676s] Level 1:colcon.colcon_core.package_identification:_identify(src) by extension 'colcon_pkg'
[1.676s] Level 1:colcon.colcon_core.package_identification:_identify(src) by extensions ['colcon_meta']
[1.676s] Level 1:colcon.colcon_core.package_identification:_identify(src) by extension 'colcon_meta'
[1.676s] Level 1:colcon.colcon_core.package_identification:_identify(src) by extensions ['ros']
[1.676s] Level 1:colcon.colcon_core.package_identification:_identify(src) by extension 'ros'
[1.676s] Level 1:colcon.colcon_core.package_identification:_identify(src) by extensions ['cmake', 'python']
[1.677s] Level 1:colcon.colcon_core.package_identification:_identify(src) by extension 'cmake'
[1.677s] Level 1:colcon.colcon_core.package_identification:_identify(src) by extension 'python'
[1.677s] Level 1:colcon.colcon_core.package_identification:_identify(src) by extensions ['python_setup_py']
[1.677s] Level 1:colcon.colcon_core.package_identification:_identify(src) by extension 'python_setup_py'
[1.677s] Level 1:colcon.colcon_core.package_identification:_identify(src/camera_pkg) by extensions ['ignore', 'ignore_ament_install']
[1.678s] Level 1:colcon.colcon_core.package_identification:_identify(src/camera_pkg) by extension 'ignore'
[1.678s] Level 1:colcon.colcon_core.package_identification:_identify(src/camera_pkg) by extension 'ignore_ament_install'
[1.678s] Level 1:colcon.colcon_core.package_identification:_identify(src/camera_pkg) by extensions ['colcon_pkg']
[1.678s] Level 1:colcon.colcon_core.package_identification:_identify(src/camera_pkg) by extension 'colcon_pkg'
[1.679s] Level 1:colcon.colcon_core.package_identification:_identify(src/camera_pkg) by extensions ['colcon_meta']
[1.679s] Level 1:colcon.colcon_core.package_identification:_identify(src/camera_pkg) by extension 'colcon_meta'
[1.679s] Level 1:colcon.colcon_core.package_identification:_identify(src/camera_pkg) by extensions ['ros']
[1.679s] Level 1:colcon.colcon_core.package_identification:_identify(src/camera_pkg) by extension 'ros'
[1.685s] DEBUG:colcon.colcon_core.package_identification:Failed to parse potential ROS package manifest in'src/camera_pkg': Error(s) in package 'src/camera_pkg/package.xml':
The manifest must not contain more than one "export" tags
[1.686s] Level 1:colcon.colcon_core.package_identification:_identify(src/camera_pkg) by extensions ['cmake', 'python']
[1.686s] Level 1:colcon.colcon_core.package_identification:_identify(src/camera_pkg) by extension 'cmake'
[1.686s] Level 1:colcon.colcon_core.package_identification:_identify(src/camera_pkg) by extension 'python'
[1.686s] DEBUG:colcon.colcon_core.package_identification:Python package in 'src/camera_pkg' passes arguments to the setup() function which requires a different identification extension than 'python'
[1.687s] Level 1:colcon.colcon_core.package_identification:_identify(src/camera_pkg) by extensions ['python_setup_py']
[1.687s] Level 1:colcon.colcon_core.package_identification:_identify(src/camera_pkg) by extension 'python_setup_py'
[3.228s] DEBUG:colcon.colcon_core.package_identification:Package 'src/camera_pkg' with type 'python' and name 'camera_pkg'
[3.229s] Level 1:colcon.colcon_core.package_identification:_identify(src/perception_pkg) by extensions ['ignore', 'ignore_ament_install']
[3.229s] Level 1:colcon.colcon_core.package_identification:_identify(src/perception_pkg) by extension 'ignore'
[3.230s] Level 1:colcon.colcon_core.package_identification:_identify(src/perception_pkg) by extension 'ignore_ament_install'
[3.230s] Level 1:colcon.colcon_core.package_identification:_identify(src/perception_pkg) by extensions ['colcon_pkg']
[3.230s] Level 1:colcon.colcon_core.package_identification:_identify(src/perception_pkg) by extension 'colcon_pkg'
[3.230s] Level 1:colcon.colcon_core.package_identification:_identify(src/perception_pkg) by extensions ['colcon_meta']
[3.230s] Level 1:colcon.colcon_core.package_identification:_identify(src/perception_pkg) by extension 'colcon_meta'
[3.230s] Level 1:colcon.colcon_core.package_identification:_identify(src/perception_pkg) by extensions ['ros']
[3.231s] Level 1:colcon.colcon_core.package_identification:_identify(src/perception_pkg) by extension 'ros'
[3.236s] DEBUG:colcon.colcon_core.package_identification:Package 'src/perception_pkg' with type 'ros.ament_python' and name 'perception_pkg'
[3.236s] Level 1:colcon.colcon_core.package_identification:_identify(src/visualization_pkg) by extensions ['ignore', 'ignore_ament_install']
[3.237s] Level 1:colcon.colcon_core.package_identification:_identify(src/visualization_pkg) by extension 'ignore'
[3.237s] Level 1:colcon.colcon_core.package_identification:_identify(src/visualization_pkg) by extension 'ignore_ament_install'
[3.237s] Level 1:colcon.colcon_core.package_identification:_identify(src/visualization_pkg) by extensions ['colcon_pkg']
[3.237s] Level 1:colcon.colcon_core.package_identification:_identify(src/visualization_pkg) by extension 'colcon_pkg'
[3.237s] Level 1:colcon.colcon_core.package_identification:_identify(src/visualization_pkg) by extensions ['colcon_meta']
[3.238s] Level 1:colcon.colcon_core.package_identification:_identify(src/visualization_pkg) by extension 'colcon_meta'
[3.238s] Level 1:colcon.colcon_core.package_identification:_identify(src/visualization_pkg) by extensions ['ros']
[3.238s] Level 1:colcon.colcon_core.package_identification:_identify(src/visualization_pkg) by extension 'ros'
[3.240s] DEBUG:colcon.colcon_core.package_identification:Package 'src/visualization_pkg' with type 'ros.ament_python' and name 'visualization_pkg'
[3.240s] Level 1:colcon.colcon_core.package_discovery:discover_packages(recursive) using defaults
[3.241s] Level 1:colcon.colcon_core.package_discovery:discover_packages(ignore) discover
[3.241s] Level 1:colcon.colcon_core.package_discovery:discover_packages(ignore) using defaults
[3.241s] Level 1:colcon.colcon_core.package_discovery:discover_packages(path) discover
[3.241s] Level 1:colcon.colcon_core.package_discovery:discover_packages(path) using defaults
[3.329s] INFO:colcon.colcon_core.package_selection:Skipping not selected package 'camera_pkg' in 'src/camera_pkg'
[3.329s] INFO:colcon.colcon_core.package_selection:Skipping not selected package 'visualization_pkg' in 'src/visualization_pkg'
[3.331s] Level 1:colcon.colcon_core.package_discovery:discover_packages(prefix_path) check parameters
[3.331s] Level 1:colcon.colcon_core.package_discovery:discover_packages(prefix_path) discover
[3.338s] DEBUG:colcon.colcon_installed_package_information.package_discovery:Found 1 installed packages in /home/user/my_rov_ws/install
[3.346s] DEBUG:colcon.colcon_installed_package_information.package_discovery:Found 374 installed packages in /opt/ros/humble
[3.353s] Level 1:colcon.colcon_core.package_discovery:discover_packages(prefix_path) using defaults
[3.568s] Level 5:colcon.colcon_core.verb:set package 'perception_pkg' build argument 'cmake_args' from command line to 'None'
[3.569s] Level 5:colcon.colcon_core.verb:set package 'perception_pkg' build argument 'cmake_target' from command line to 'None'
[3.569s] Level 5:colcon.colcon_core.verb:set package 'perception_pkg' build argument 'cmake_target_skip_unavailable' from command line to 'False'
[3.569s] Level 5:colcon.colcon_core.verb:set package 'perception_pkg' build argument 'cmake_clean_cache' from command line to 'False'
[3.569s] Level 5:colcon.colcon_core.verb:set package 'perception_pkg' build argument 'cmake_clean_first' from command line to 'False'
[3.569s] Level 5:colcon.colcon_core.verb:set package 'perception_pkg' build argument 'cmake_force_configure' from command line to 'False'
[3.569s] Level 5:colcon.colcon_core.verb:set package 'perception_pkg' build argument 'ament_cmake_args' from command line to 'None'
[3.569s] Level 5:colcon.colcon_core.verb:set package 'perception_pkg' build argument 'catkin_cmake_args' from command line to 'None'
[3.569s] Level 5:colcon.colcon_core.verb:set package 'perception_pkg' build argument 'catkin_skip_building_tests' from command line to 'False'
[3.570s] DEBUG:colcon.colcon_core.verb:Building package 'perception_pkg' with the following arguments: {'ament_cmake_args': None, 'build_base': '/home/user/my_rov_ws/build/perception_pkg', 'catkin_cmake_args': None, 'catkin_skip_building_tests': False, 'cmake_args': None, 'cmake_clean_cache': False, 'cmake_clean_first': False, 'cmake_force_configure': False, 'cmake_target': None, 'cmake_target_skip_unavailable': False, 'install_base': '/home/user/my_rov_ws/install/perception_pkg', 'merge_install': False, 'path': '/home/user/my_rov_ws/src/perception_pkg', 'symlink_install': False, 'test_result_base': None}
[3.570s] INFO:colcon.colcon_core.executor:Executing jobs using 'parallel' executor
[3.574s] DEBUG:colcon.colcon_parallel_executor.executor.parallel:run_until_complete
[3.574s] INFO:colcon.colcon_ros.task.ament_python.build:Building ROS package in '/home/user/my_rov_ws/src/perception_pkg' with build type 'ament_python'
[3.575s] Level 1:colcon.colcon_core.shell:create_environment_hook('perception_pkg', 'ament_prefix_path')
[3.585s] INFO:colcon.colcon_core.plugin_system:Skipping extension 'colcon_core.shell.bat': Not used on non-Windows systems
[3.586s] INFO:colcon.colcon_core.shell:Creating environment hook '/home/user/my_rov_ws/install/perception_pkg/share/perception_pkg/hook/ament_prefix_path.ps1'
[3.588s] INFO:colcon.colcon_core.shell:Creating environment descriptor '/home/user/my_rov_ws/install/perception_pkg/share/perception_pkg/hook/ament_prefix_path.dsv'
[3.590s] INFO:colcon.colcon_core.shell:Creating environment hook '/home/user/my_rov_ws/install/perception_pkg/share/perception_pkg/hook/ament_prefix_path.sh'
[3.593s] INFO:colcon.colcon_core.shell:Skip shell extension 'powershell' for command environment: Not usable outside of PowerShell
[3.593s] DEBUG:colcon.colcon_core.shell:Skip shell extension 'dsv' for command environment
[5.181s] INFO:colcon.colcon_core.task.python.build:Building Python package in '/home/user/my_rov_ws/src/perception_pkg'
[5.182s] INFO:colcon.colcon_core.shell:Skip shell extension 'powershell' for command environment: Not usable outside of PowerShell
[5.183s] DEBUG:colcon.colcon_core.shell:Skip shell extension 'dsv' for command environment
[7.204s] DEBUG:colcon.colcon_core.event_handler.log_command:Invoking command in '/home/user/my_rov_ws/src/perception_pkg': PYTHONPATH=/home/user/my_rov_ws/build/perception_pkg/prefix_override:/usr/lib/python3/dist-packages/colcon_core/task/python/colcon_distutils_commands:/home/user/my_rov_ws/install/perception_pkg/lib/python3.10/site-packages:${PYTHONPATH} /usr/bin/python3 -W ignore:setup.py install is deprecated -W ignore:easy_install command is deprecated setup.py egg_info --egg-base ../../build/perception_pkg build --build-base /home/user/my_rov_ws/build/perception_pkg/build install --record /home/user/my_rov_ws/build/perception_pkg/install.log --single-version-externally-managed install_data
[8.845s] DEBUG:colcon.colcon_core.event_handler.log_command:Invoked command in '/home/user/my_rov_ws/src/perception_pkg' returned '0': PYTHONPATH=/home/user/my_rov_ws/build/perception_pkg/prefix_override:/usr/lib/python3/dist-packages/colcon_core/task/python/colcon_distutils_commands:/home/user/my_rov_ws/install/perception_pkg/lib/python3.10/site-packages:${PYTHONPATH} /usr/bin/python3 -W ignore:setup.py install is deprecated -W ignore:easy_install command is deprecated setup.py egg_info --egg-base ../../build/perception_pkg build --build-base /home/user/my_rov_ws/build/perception_pkg/build install --record /home/user/my_rov_ws/build/perception_pkg/install.log --single-version-externally-managed install_data
[8.855s] Level 1:colcon.colcon_core.environment:checking '/home/user/my_rov_ws/install/perception_pkg' for CMake module files
[8.858s] Level 1:colcon.colcon_core.environment:checking '/home/user/my_rov_ws/install/perception_pkg' for CMake config files
[8.862s] Level 1:colcon.colcon_core.environment:checking '/home/user/my_rov_ws/install/perception_pkg/lib'
[8.863s] Level 1:colcon.colcon_core.environment:checking '/home/user/my_rov_ws/install/perception_pkg/bin'
[8.864s] Level 1:colcon.colcon_core.environment:checking '/home/user/my_rov_ws/install/perception_pkg/lib/pkgconfig/perception_pkg.pc'
[8.865s] Level 1:colcon.colcon_core.environment:checking '/home/user/my_rov_ws/install/perception_pkg/lib/python3.10/site-packages'
[8.866s] Level 1:colcon.colcon_core.shell:create_environment_hook('perception_pkg', 'pythonpath')
[8.868s] INFO:colcon.colcon_core.shell:Creating environment hook '/home/user/my_rov_ws/install/perception_pkg/share/perception_pkg/hook/pythonpath.ps1'
[8.871s] INFO:colcon.colcon_core.shell:Creating environment descriptor '/home/user/my_rov_ws/install/perception_pkg/share/perception_pkg/hook/pythonpath.dsv'
[8.873s] INFO:colcon.colcon_core.shell:Creating environment hook '/home/user/my_rov_ws/install/perception_pkg/share/perception_pkg/hook/pythonpath.sh'
[8.876s] Level 1:colcon.colcon_core.environment:checking '/home/user/my_rov_ws/install/perception_pkg/bin'
[8.877s] Level 1:colcon.colcon_core.environment:create_environment_scripts_only(perception_pkg)
[8.878s] INFO:colcon.colcon_core.shell:Creating package script '/home/user/my_rov_ws/install/perception_pkg/share/perception_pkg/package.ps1'
[8.882s] INFO:colcon.colcon_core.shell:Creating package descriptor '/home/user/my_rov_ws/install/perception_pkg/share/perception_pkg/package.dsv'
[8.885s] INFO:colcon.colcon_core.shell:Creating package script '/home/user/my_rov_ws/install/perception_pkg/share/perception_pkg/package.sh'
[8.887s] INFO:colcon.colcon_core.shell:Creating package script '/home/user/my_rov_ws/install/perception_pkg/share/perception_pkg/package.bash'
[8.890s] INFO:colcon.colcon_core.shell:Creating package script '/home/user/my_rov_ws/install/perception_pkg/share/perception_pkg/package.zsh'
[8.892s] Level 1:colcon.colcon_core.environment:create_file_with_runtime_dependencies(/home/user/my_rov_ws/install/perception_pkg/share/colcon-core/packages/perception_pkg)
[8.894s] DEBUG:colcon.colcon_parallel_executor.executor.parallel:closing loop
[8.895s] DEBUG:colcon.colcon_parallel_executor.executor.parallel:loop closed
[8.895s] DEBUG:colcon.colcon_parallel_executor.executor.parallel:run_until_complete finished with '0'
[8.895s] DEBUG:colcon.colcon_core.event_reactor:joining thread
[8.916s] INFO:colcon.colcon_core.plugin_system:Skipping extension 'colcon_notification.desktop_notification.terminal_notifier': Not used on non-Darwin systems
[8.916s] INFO:colcon.colcon_core.plugin_system:Skipping extension 'colcon_notification.desktop_notification.win32': Not used on non-Windows systems
[8.916s] INFO:colcon.colcon_notification.desktop_notification:Sending desktop notification using 'notify2'
[8.950s] DEBUG:colcon.colcon_core.event_reactor:joined thread
[8.951s] INFO:colcon.colcon_core.shell:Creating prefix script '/home/user/my_rov_ws/install/local_setup.ps1'
[8.954s] INFO:colcon.colcon_core.shell:Creating prefix util module '/home/user/my_rov_ws/install/_local_setup_util_ps1.py'
[8.960s] INFO:colcon.colcon_core.shell:Creating prefix chain script '/home/user/my_rov_ws/install/setup.ps1'
[8.964s] INFO:colcon.colcon_core.shell:Creating prefix script '/home/user/my_rov_ws/install/local_setup.sh'
[8.966s] INFO:colcon.colcon_core.shell:Creating prefix util module '/home/user/my_rov_ws/install/_local_setup_util_sh.py'
[8.969s] INFO:colcon.colcon_core.shell:Creating prefix chain script '/home/user/my_rov_ws/install/setup.sh'
[8.973s] INFO:colcon.colcon_core.shell:Creating prefix script '/home/user/my_rov_ws/install/local_setup.bash'
[8.976s] INFO:colcon.colcon_core.shell:Creating prefix chain script '/home/user/my_rov_ws/install/setup.bash'
[8.983s] INFO:colcon.colcon_core.shell:Creating prefix script '/home/user/my_rov_ws/install/local_setup.zsh'
[8.985s] INFO:colcon.colcon_core.shell:Creating prefix chain script '/home/user/my_rov_ws/install/setup.zsh'
