running egg_info
creating ../../build/visualization_pkg/visualization_pkg.egg-info
writing ../../build/visualization_pkg/visualization_pkg.egg-info/PKG-INFO
writing dependency_links to ../../build/visualization_pkg/visualization_pkg.egg-info/dependency_links.txt
writing entry points to ../../build/visualization_pkg/visualization_pkg.egg-info/entry_points.txt
writing requirements to ../../build/visualization_pkg/visualization_pkg.egg-info/requires.txt
writing top-level names to ../../build/visualization_pkg/visualization_pkg.egg-info/top_level.txt
writing manifest file '../../build/visualization_pkg/visualization_pkg.egg-info/SOURCES.txt'
reading manifest file '../../build/visualization_pkg/visualization_pkg.egg-info/SOURCES.txt'
writing manifest file '../../build/visualization_pkg/visualization_pkg.egg-info/SOURCES.txt'
running build
running build_py
creating /home/user/my_rov_ws/build/visualization_pkg/build
creating /home/user/my_rov_ws/build/visualization_pkg/build/lib
creating /home/user/my_rov_ws/build/visualization_pkg/build/lib/visualization_pkg
copying visualization_pkg/visualization_node.py -> /home/user/my_rov_ws/build/visualization_pkg/build/lib/visualization_pkg
copying visualization_pkg/__init__.py -> /home/user/my_rov_ws/build/visualization_pkg/build/lib/visualization_pkg
running install
running install_lib
creating /home/user/my_rov_ws/install/visualization_pkg/lib/python3.10/site-packages/visualization_pkg
copying /home/user/my_rov_ws/build/visualization_pkg/build/lib/visualization_pkg/visualization_node.py -> /home/user/my_rov_ws/install/visualization_pkg/lib/python3.10/site-packages/visualization_pkg
copying /home/user/my_rov_ws/build/visualization_pkg/build/lib/visualization_pkg/__init__.py -> /home/user/my_rov_ws/install/visualization_pkg/lib/python3.10/site-packages/visualization_pkg
byte-compiling /home/user/my_rov_ws/install/visualization_pkg/lib/python3.10/site-packages/visualization_pkg/visualization_node.py to visualization_node.cpython-310.pyc
byte-compiling /home/user/my_rov_ws/install/visualization_pkg/lib/python3.10/site-packages/visualization_pkg/__init__.py to __init__.cpython-310.pyc
running install_data
creating /home/user/my_rov_ws/install/visualization_pkg/share/ament_index
creating /home/user/my_rov_ws/install/visualization_pkg/share/ament_index/resource_index
creating /home/user/my_rov_ws/install/visualization_pkg/share/ament_index/resource_index/packages
copying resource/visualization_pkg -> /home/user/my_rov_ws/install/visualization_pkg/share/ament_index/resource_index/packages
copying package.xml -> /home/user/my_rov_ws/install/visualization_pkg/share/visualization_pkg
running install_egg_info
Copying ../../build/visualization_pkg/visualization_pkg.egg-info to /home/user/my_rov_ws/install/visualization_pkg/lib/python3.10/site-packages/visualization_pkg-0.1.0-py3.10.egg-info
running install_scripts
Installing visualization_node script to /home/user/my_rov_ws/install/visualization_pkg/lib/visualization_pkg
writing list of installed files to '/home/user/my_rov_ws/build/visualization_pkg/install.log'
